0 info it worked if it ends with ok
1 verbose cli [ 'node',
1 verbose cli   '/Users/nathanhass/npm/bin/npm',
1 verbose cli   'install',
1 verbose cli   'sassdoc',
1 verbose cli   '-g' ]
2 info using npm@2.11.0
3 info using node@v0.10.30
4 verbose install initial load of /Users/nathanhass/npm/lib/package.json
5 verbose readDependencies loading dependencies from /Users/nathanhass/npm/lib/package.json
6 silly cache add args [ 'sassdoc', null ]
7 verbose cache add spec sassdoc
8 silly cache add parsed spec { raw: 'sassdoc',
8 silly cache add   scope: null,
8 silly cache add   name: 'sassdoc',
8 silly cache add   rawSpec: '',
8 silly cache add   spec: '*',
8 silly cache add   type: 'range' }
9 silly addNamed sassdoc@*
10 verbose addNamed "*" is a valid semver range for sassdoc
11 silly addNameRange { name: 'sassdoc', range: '*', hasData: false }
12 silly mapToRegistry name sassdoc
13 silly mapToRegistry using default registry
14 silly mapToRegistry registry https://registry.npmjs.org/
15 silly mapToRegistry uri https://registry.npmjs.org/sassdoc
16 verbose addNameRange registry:https://registry.npmjs.org/sassdoc not in flight; fetching
17 verbose request uri https://registry.npmjs.org/sassdoc
18 verbose request no auth needed
19 info attempt registry request try #1 at 16:21:24
20 verbose request id b2945c3f3e50bd99
21 verbose etag "9X3DC8MWZS8M0HJO8W87SDDA4"
22 http request GET https://registry.npmjs.org/sassdoc
23 http 304 https://registry.npmjs.org/sassdoc
24 silly get cb [ 304,
24 silly get   { date: 'Fri, 31 Jul 2015 20:21:24 GMT',
24 silly get     via: '1.1 varnish',
24 silly get     'cache-control': 'max-age=60',
24 silly get     etag: '"9X3DC8MWZS8M0HJO8W87SDDA4"',
24 silly get     age: '0',
24 silly get     connection: 'keep-alive',
24 silly get     'x-served-by': 'cache-iad2121-IAD',
24 silly get     'x-cache': 'HIT',
24 silly get     'x-cache-hits': '1',
24 silly get     'x-timer': 'S1438374084.963224,VS0,VE59',
24 silly get     vary: 'Accept' } ]
25 verbose etag https://registry.npmjs.org/sassdoc from cache
26 verbose get saving sassdoc to /Users/nathanhass/.npm/registry.npmjs.org/sassdoc/.cache.json
27 silly addNameRange number 2 { name: 'sassdoc', range: '*', hasData: true }
28 silly addNameRange versions [ 'sassdoc',
28 silly addNameRange   [ '0.1.0',
28 silly addNameRange     '0.2.0',
28 silly addNameRange     '0.2.1',
28 silly addNameRange     '0.3.0',
28 silly addNameRange     '0.3.1',
28 silly addNameRange     '0.3.2',
28 silly addNameRange     '0.3.3',
28 silly addNameRange     '0.3.4',
28 silly addNameRange     '0.3.5',
28 silly addNameRange     '0.3.6',
28 silly addNameRange     '0.3.7',
28 silly addNameRange     '0.3.8',
28 silly addNameRange     '0.3.9',
28 silly addNameRange     '0.4.0',
28 silly addNameRange     '0.4.1',
28 silly addNameRange     '1.0.0',
28 silly addNameRange     '1.0.0-rc.1',
28 silly addNameRange     '1.0.0-rc.2',
28 silly addNameRange     '1.0.0-rc.3',
28 silly addNameRange     '1.0.0-rc.4',
28 silly addNameRange     '1.0.0-rc.5',
28 silly addNameRange     '1.0.0-rc.6',
28 silly addNameRange     '1.0.0-rc.7',
28 silly addNameRange     '1.0.0-rc.8',
28 silly addNameRange     '1.0.0-rc.9',
28 silly addNameRange     '1.0.0-rc.10',
28 silly addNameRange     '1.0.0-rc.11',
28 silly addNameRange     '1.0.0-rc.12',
28 silly addNameRange     '1.0.0-rc.13',
28 silly addNameRange     '1.0.0-rc.14',
28 silly addNameRange     '1.0.0-rc.15',
28 silly addNameRange     '1.0.0-rc.16',
28 silly addNameRange     '1.0.0-rc.17',
28 silly addNameRange     '1.0.0-rc.18',
28 silly addNameRange     '1.0.0-rc.19',
28 silly addNameRange     '1.0.1',
28 silly addNameRange     '1.0.2',
28 silly addNameRange     '1.1.0',
28 silly addNameRange     '1.1.1',
28 silly addNameRange     '1.1.2',
28 silly addNameRange     '1.1.3',
28 silly addNameRange     '1.1.4',
28 silly addNameRange     '1.1.5',
28 silly addNameRange     '1.1.6',
28 silly addNameRange     '1.2.0-rc.1',
28 silly addNameRange     '1.2.0',
28 silly addNameRange     '1.3.0',
28 silly addNameRange     '1.3.1',
28 silly addNameRange     '1.3.2',
28 silly addNameRange     '1.4.0-rc.1',
28 silly addNameRange     '1.4.0-rc.2',
28 silly addNameRange     '1.4.0-rc.3',
28 silly addNameRange     '1.4.0',
28 silly addNameRange     '1.4.1',
28 silly addNameRange     '1.5.0-rc.1',
28 silly addNameRange     '1.5.0',
28 silly addNameRange     '1.5.1',
28 silly addNameRange     '1.5.2',
28 silly addNameRange     '1.6.0',
28 silly addNameRange     '1.6.1',
28 silly addNameRange     '1.7.0',
28 silly addNameRange     '1.8.0',
28 silly addNameRange     '1.9.0',
28 silly addNameRange     '1.10.0',
28 silly addNameRange     '1.10.1',
28 silly addNameRange     '1.10.2',
28 silly addNameRange     '1.10.3',
28 silly addNameRange     '2.0.0-rc.3',
28 silly addNameRange     '2.0.0-rc.4',
28 silly addNameRange     '2.0.0-rc.5',
28 silly addNameRange     '2.0.0-rc.6',
28 silly addNameRange     '1.10.5',
28 silly addNameRange     '1.10.6',
28 silly addNameRange     '1.10.7',
28 silly addNameRange     '2.0.0-rc.7',
28 silly addNameRange     '1.10.8',
28 silly addNameRange     '2.0.0-rc.8',
28 silly addNameRange     '1.10.9',
28 silly addNameRange     '1.10.10',
28 silly addNameRange     '1.10.11',
28 silly addNameRange     '2.0.0-rc.9',
28 silly addNameRange     '1.10.12',
28 silly addNameRange     '2.0.0-rc.10',
28 silly addNameRange     '2.0.0-rc.11',
28 silly addNameRange     '2.0.0-rc.12',
28 silly addNameRange     '2.0.0-rc.13',
28 silly addNameRange     '2.0.0-rc.14',
28 silly addNameRange     '2.0.0-rc.15',
28 silly addNameRange     '2.0.0-rc.16',
28 silly addNameRange     '2.0.0-rc.17',
28 silly addNameRange     '2.0.0-rc.18',
28 silly addNameRange     '2.0.0-rc.19',
28 silly addNameRange     '2.0.0-rc.20',
28 silly addNameRange     '2.0.0-rc.21',
28 silly addNameRange     '2.0.0-rc.22',
28 silly addNameRange     '2.0.0',
28 silly addNameRange     '2.0.1',
28 silly addNameRange     '2.0.2',
28 silly addNameRange     '2.0.3',
28 silly addNameRange     '2.0.4',
28 silly addNameRange     '2.0.5',
28 silly addNameRange     '2.0.6',
28 silly addNameRange     '2.0.7',
28 silly addNameRange     '2.0.8',
28 silly addNameRange     '2.0.9',
28 silly addNameRange     '2.1.0',
28 silly addNameRange     '2.1.1',
28 silly addNameRange     '2.1.2',
28 silly addNameRange     '2.1.3',
28 silly addNameRange     '2.1.4',
28 silly addNameRange     '2.1.5',
28 silly addNameRange     '2.1.6',
28 silly addNameRange     '2.1.7',
28 silly addNameRange     '2.1.8',
28 silly addNameRange     '2.1.9',
28 silly addNameRange     '2.1.11',
28 silly addNameRange     '2.1.12',
28 silly addNameRange     '2.1.13',
28 silly addNameRange     '2.1.14',
28 silly addNameRange     '2.1.15' ] ]
29 silly addNamed sassdoc@2.1.15
30 verbose addNamed "2.1.15" is a plain semver version for sassdoc
31 silly cache afterAdd sassdoc@2.1.15
32 verbose afterAdd /Users/nathanhass/.npm/sassdoc/2.1.15/package/package.json not in flight; writing
33 verbose afterAdd /Users/nathanhass/.npm/sassdoc/2.1.15/package/package.json written
34 silly install resolved [ { name: 'sassdoc',
34 silly install resolved     description: 'Release the docs!',
34 silly install resolved     author:
34 silly install resolved      { name: 'Hugo Giraudel',
34 silly install resolved        email: 'hugo.giraudel@gmail.com',
34 silly install resolved        url: 'http://hugogiraudel.com' },
34 silly install resolved     contributors: [ [Object], [Object], [Object] ],
34 silly install resolved     version: '2.1.15',
34 silly install resolved     license: 'MIT',
34 silly install resolved     repository:
34 silly install resolved      { type: 'git',
34 silly install resolved        url: 'git+https://github.com/SassDoc/sassdoc.git' },
34 silly install resolved     homepage: 'http://sassdoc.com',
34 silly install resolved     keywords: [ 'sass', 'scss', 'doc', 'documentation', 'comments', 'theme' ],
34 silly install resolved     bugs: { url: 'https://github.com/SassDoc/sassdoc/issues' },
34 silly install resolved     bin: { sassdoc: 'bin/sassdoc' },
34 silly install resolved     browser:
34 silly install resolved      { './dist/notifier.js': false,
34 silly install resolved        './dist/exclude.js': false,
34 silly install resolved        './dist/cli.js': false,
34 silly install resolved        './dist/recurse.js': false,
34 silly install resolved        'vinyl-fs': false,
34 silly install resolved        glob2base: false,
34 silly install resolved        docopt: false,
34 silly install resolved        glob: false,
34 silly install resolved        'js-yaml': false,
34 silly install resolved        minimatch: false,
34 silly install resolved        mkdirp: false,
34 silly install resolved        multipipe: false,
34 silly install resolved        rimraf: false,
34 silly install resolved        'safe-wipe': false,
34 silly install resolved        'sass-convert': false,
34 silly install resolved        'sassdoc-theme-default': false,
34 silly install resolved        'update-notifier': false,
34 silly install resolved        through2: false,
34 silly install resolved        'concat-stream': false,
34 silly install resolved        'vinyl-source-stream': false },
34 silly install resolved     files:
34 silly install resolved      [ 'bin',
34 silly install resolved        'dist',
34 silly install resolved        'index.js',
34 silly install resolved        'polyfill.js',
34 silly install resolved        'CHANGELOG.md',
34 silly install resolved        'UPGRADE-2.0.md',
34 silly install resolved        'LICENCE.md',
34 silly install resolved        'README.md' ],
34 silly install resolved     dependencies:
34 silly install resolved      { 'babel-runtime': '5.5.*',
34 silly install resolved        chalk: '^1.0.0',
34 silly install resolved        'concat-stream': '^1.4.7',
34 silly install resolved        docopt: '^0.6.1',
34 silly install resolved        glob: '^5.0.3',
34 silly install resolved        glob2base: '0.0.12',
34 silly install resolved        'js-yaml': '^3.2.1',
34 silly install resolved        'lodash.difference': '^3.1.0',
34 silly install resolved        'lodash.uniq': '^3.1.0',
34 silly install resolved        minimatch: '^2.0.4',
34 silly install resolved        mkdirp: '^0.5.0',
34 silly install resolved        multipipe: '^0.1.2',
34 silly install resolved        rimraf: '^2.3.2',
34 silly install resolved        'safe-wipe': '0.*',
34 silly install resolved        'sass-convert': '^0.5.0',
34 silly install resolved        'sassdoc-theme-default': '^2.3.4',
34 silly install resolved        'scss-comment-parser': '^0.6.0',
34 silly install resolved        'strip-indent': '^1.0.1',
34 silly install resolved        through2: '^0.6.3',
34 silly install resolved        'update-notifier': '^0.3.0',
34 silly install resolved        'vinyl-fs': '^1.0.0',
34 silly install resolved        'vinyl-source-stream': '^1.0.0' },
34 silly install resolved     devDependencies:
34 silly install resolved      { babel: '5.5.*',
34 silly install resolved        'babel-eslint': '^2.0.2',
34 silly install resolved        coveralls: '^2.11.2',
34 silly install resolved        dateformat: '^1.0.11',
34 silly install resolved        eslint: '^0.18.0',
34 silly install resolved        istanbul: '^0.3.13',
34 silly install resolved        jsesc: '^0.5.0',
34 silly install resolved        jshint: '^2.6.3',
34 silly install resolved        mocha: '^2.2.1',
34 silly install resolved        sinon: '^1.14.1',
34 silly install resolved        vinyl: '^0.4.6' },
34 silly install resolved     scripts: { test: 'make dist lint test' },
34 silly install resolved     gitHead: 'ef459f29166273a475c815115a5c07988089fbee',
34 silly install resolved     _id: 'sassdoc@2.1.15',
34 silly install resolved     _shasum: 'a2ed6f19ee0ff6c535e21c997c6cbd1d69f62371',
34 silly install resolved     _from: 'sassdoc@*',
34 silly install resolved     _npmVersion: '2.10.1',
34 silly install resolved     _nodeVersion: '0.12.4',
34 silly install resolved     _npmUser: { name: 'valeriangalliat', email: 'val@codejam.info' },
34 silly install resolved     maintainers: [ [Object], [Object], [Object], [Object] ],
34 silly install resolved     dist:
34 silly install resolved      { shasum: 'a2ed6f19ee0ff6c535e21c997c6cbd1d69f62371',
34 silly install resolved        tarball: 'http://registry.npmjs.org/sassdoc/-/sassdoc-2.1.15.tgz' },
34 silly install resolved     directories: {},
34 silly install resolved     _resolved: 'https://registry.npmjs.org/sassdoc/-/sassdoc-2.1.15.tgz',
34 silly install resolved     readme: 'ERROR: No README data found!' } ]
35 info install sassdoc@2.1.15 into /Users/nathanhass/npm/lib
36 info installOne sassdoc@2.1.15
37 verbose installOne of sassdoc to /Users/nathanhass/npm/lib not in flight; installing
38 warn locking Error: EACCES, open '/Users/nathanhass/.npm/_locks/sassdoc-f56922b8323fc982.lock'
38 warn locking  /Users/nathanhass/.npm/_locks/sassdoc-f56922b8323fc982.lock failed { [Error: EACCES, open '/Users/nathanhass/.npm/_locks/sassdoc-f56922b8323fc982.lock']
38 warn locking   errno: 3,
38 warn locking   code: 'EACCES',
38 warn locking   path: '/Users/nathanhass/.npm/_locks/sassdoc-f56922b8323fc982.lock' }
39 verbose stack Error: Attempt to unlock /Users/nathanhass/npm/lib/node_modules/sassdoc, which hasn't been locked
39 verbose stack     at unlock (/Users/nathanhass/npm/lib/node_modules/npm/lib/utils/locker.js:66:11)
39 verbose stack     at cb (/Users/nathanhass/npm/lib/node_modules/npm/lib/install.js:1017:5)
39 verbose stack     at /Users/nathanhass/npm/lib/node_modules/npm/lib/install.js:1021:20
39 verbose stack     at /Users/nathanhass/npm/lib/node_modules/npm/lib/utils/locker.js:40:9
39 verbose stack     at cb (/Users/nathanhass/npm/lib/node_modules/npm/node_modules/lockfile/lockfile.js:149:38)
39 verbose stack     at /Users/nathanhass/npm/lib/node_modules/npm/node_modules/lockfile/lockfile.js:177:38
39 verbose stack     at Object.oncomplete (fs.js:107:15)
40 verbose cwd /Users/nathanhass/Sites/upbase
41 error Darwin 14.4.0
42 error argv "node" "/Users/nathanhass/npm/bin/npm" "install" "sassdoc" "-g"
43 error node v0.10.30
44 error npm  v2.11.0
45 error Attempt to unlock /Users/nathanhass/npm/lib/node_modules/sassdoc, which hasn't been locked
46 error If you need help, you may report this error at:
46 error     <https://github.com/npm/npm/issues>
47 verbose exit [ 1, true ]
